<?xml version="1.0" encoding="UTF-8"?>
<testng-results skipped="0" failed="0" ignored="0" total="1" passed="1">
  <reporter-output>
  </reporter-output>
  <suite name="Default suite" duration-ms="35" started-at="2022-03-14T16:28:32 IST" finished-at="2022-03-14T16:28:32 IST">
    <groups>
    </groups>
    <test name="Default test" duration-ms="35" started-at="2022-03-14T16:28:32 IST" finished-at="2022-03-14T16:28:32 IST">
      <class name="ContactTest.ReadDataTest">
        <test-method status="PASS" signature="readdataTest()[pri:0, instance:ContactTest.ReadDataTest@76707e36]" name="readdataTest" duration-ms="5" started-at="2022-03-14T16:28:32 IST" finished-at="2022-03-14T16:28:32 IST">
          <reporter-output>
          </reporter-output>
        </test-method> <!-- readdataTest -->
      </class> <!-- ContactTest.ReadDataTest -->
    </test> <!-- Default test -->
  </suite> <!-- Default suite -->
</testng-results>
